#
# A fatal error has been detected by the Java Runtime Environment:
#
#  EXCEPTION_ACCESS_VIOLATION (0xc0000005) at pc=0x00000000737d4769, pid=3756, tid=932
#
# JRE version: Java(TM) SE Runtime Environment (7.0_71-b14) (build 1.7.0_71-b14)
# Java VM: Java HotSpot(TM) 64-Bit Server VM (24.71-b01 mixed mode windows-amd64 compressed oops)
# Problematic frame:
# V  [jvm.dll+0x54769]
#
# Failed to write core dump. Minidumps are not enabled by default on client versions of Windows
#
# If you would like to submit a bug report, please visit:
#   http://bugreport.sun.com/bugreport/crash.jsp
#

---------------  T H R E A D  ---------------

Current thread (0x000000000c3b9000):  JavaThread "JDWP Transport Listener: dt_socket" daemon [_thread_in_vm, id=932, stack(0x000000000dc80000,0x000000000dd80000)]

siginfo: ExceptionCode=0xc0000005, reading address 0x000000000000000c

Registers:
RAX=0x000000000000000c, RBX=0x000000000c3b9000, RCX=0x0000000000000003, RDX=0x0000000000000000
RSP=0x000000000dd7f560, RBP=0x000000000000000c, RSI=0x0000000000000000, RDI=0x0000000000000010
R8 =0x00000007d61cb4f0, R9 =0x0000000000000000, R10=0x0000000000000000, R11=0x0000000000000001
R12=0x0000000000000000, R13=0x00000000025dd078, R14=0x0000000000000000, R15=0x0000000000000000
RIP=0x00000000737d4769, EFLAGS=0x0000000000010246

Top of Stack: (sp=0x000000000dd7f560)
0x000000000dd7f560:   000000000c3b9000 0000000000000000
0x000000000dd7f570:   0000000000000000 000000000c3b9000
0x000000000dd7f580:   0000000000000000 000000007389d597
0x000000000dd7f590:   00000007d61cb4f0 000000000dd7f6b0
0x000000000dd7f5a0:   000000000c3cd1e0 000000000dd7f680
0x000000000dd7f5b0:   000000000c3b9000 0000000000000000
0x000000000dd7f5c0:   000000000c3cd1e0 000000000dd7f6b0
0x000000000dd7f5d0:   0000000000000000 00000000025dd078
0x000000000dd7f5e0:   0000000000000000 0000000073707d15
0x000000000dd7f5f0:   000000000dd7f680 000000000dd7f6b0
0x000000000dd7f600:   000000000c3cd1e0 000000000c3b91e8
0x000000000dd7f610:   000000000c48400a 000000007370f090
0x000000000dd7f620:   0000000002010a01 000000000dd7f720
0x000000000dd7f630:   00000000025dcc01 0000000000000007
0x000000000dd7f640:   00000dd500000013 0000000002010a00
0x000000000dd7f650:   00000000025c3a00 000000007390e2aa 

Instructions: (pc=0x00000000737d4769)
0x00000000737d4749:   d2 48 8b c5 eb 18 48 8b d0 48 8b c5 48 d3 e2 48
0x00000000737d4759:   03 15 51 11 6a 00 eb 06 48 8b 12 48 8b c7 48 98
0x00000000737d4769:   8b 14 10 85 d2 74 2a 45 84 db 4c 63 c6 48 0f 45
0x00000000737d4779:   fd 8d 47 0b 48 63 c8 48 83 e1 f8 48 c1 e9 03 8d 


Register to memory mapping:

RAX=0x000000000000000c is an unknown value
RBX=0x000000000c3b9000 is a thread
RCX=0x0000000000000003 is an unknown value
RDX=0x0000000000000000 is an unknown value
RSP=0x000000000dd7f560 is pointing into the stack for thread: 0x000000000c3b9000
RBP=0x000000000000000c is an unknown value
RSI=0x0000000000000000 is an unknown value
RDI=0x0000000000000010 is an unknown value
R8 =0x00000007d61cb4f0 is an oop
java.lang.String 
 - klass: 'java/lang/String'
R9 =0x0000000000000000 is an unknown value
R10=0x0000000000000000 is an unknown value
R11=0x0000000000000001 is an unknown value
R12=0x0000000000000000 is an unknown value
R13=0x00000000025dd078 is an unknown value
R14=0x0000000000000000 is an unknown value
R15=0x0000000000000000 is an unknown value


Stack: [0x000000000dc80000,0x000000000dd80000],  sp=0x000000000dd7f560,  free space=1021k
Native frames: (J=compiled Java code, j=interpreted, Vv=VM code, C=native code)
V  [jvm.dll+0x54769]


---------------  P R O C E S S  ---------------

Java Threads: ( => current thread )
  0x00000000025b8000 JavaThread "DestroyJavaVM" [_thread_blocked, id=2768, stack(0x00000000029a0000,0x0000000002aa0000)]
  0x000000000c480800 JavaThread "Thread-0" [_thread_blocked, id=6952, stack(0x000000000e480000,0x000000000e580000)]
  0x000000000c3f5000 JavaThread "Service Thread" daemon [_thread_blocked, id=5228, stack(0x000000000e5a0000,0x000000000e6a0000)]
  0x000000000c3f4000 JavaThread "C2 CompilerThread1" daemon [_thread_blocked, id=6940, stack(0x000000000e2f0000,0x000000000e3f0000)]
  0x000000000c3e9800 JavaThread "C2 CompilerThread0" daemon [_thread_blocked, id=3796, stack(0x000000000de00000,0x000000000df00000)]
  0x000000000c3cf000 JavaThread "JDWP Command Reader" daemon [_thread_in_native, id=3792, stack(0x000000000e140000,0x000000000e240000)]
  0x000000000c3c8000 JavaThread "JDWP Event Helper Thread" daemon [_thread_blocked, id=4852, stack(0x000000000df30000,0x000000000e030000)]
=>0x000000000c3b9000 JavaThread "JDWP Transport Listener: dt_socket" daemon [_thread_in_vm, id=932, stack(0x000000000dc80000,0x000000000dd80000)]
  0x000000000b41d000 JavaThread "Attach Listener" daemon [_thread_blocked, id=5956, stack(0x000000000d570000,0x000000000d670000)]
  0x000000000c3ac000 JavaThread "Signal Dispatcher" daemon [_thread_blocked, id=6368, stack(0x000000000d8f0000,0x000000000d9f0000)]
  0x000000000264e800 JavaThread "Finalizer" daemon [_thread_blocked, id=6600, stack(0x000000000d6b0000,0x000000000d7b0000)]
  0x0000000002648800 JavaThread "Reference Handler" daemon [_thread_blocked, id=3192, stack(0x000000000d2b0000,0x000000000d3b0000)]

Other Threads:
  0x000000000b3fd800 VMThread [stack: 0x000000000d460000,0x000000000d560000] [id=6900]
  0x000000000c400000 WatcherThread [stack: 0x000000000e040000,0x000000000e140000] [id=6456]

VM state:not at safepoint (normal execution)

VM Mutex/Monitor currently owned by a thread: None

Heap
 PSYoungGen      total 38400K, used 4009K [0x00000007d5e80000, 0x00000007d8900000, 0x0000000800000000)
  eden space 33280K, 12% used [0x00000007d5e80000,0x00000007d626a7e0,0x00000007d7f00000)
  from space 5120K, 0% used [0x00000007d8400000,0x00000007d8400000,0x00000007d8900000)
  to   space 5120K, 0% used [0x00000007d7f00000,0x00000007d7f00000,0x00000007d8400000)
 ParOldGen       total 86016K, used 0K [0x0000000781c00000, 0x0000000787000000, 0x00000007d5e80000)
  object space 86016K, 0% used [0x0000000781c00000,0x0000000781c00000,0x0000000787000000)
 PSPermGen       total 21504K, used 3324K [0x000000077ca00000, 0x000000077df00000, 0x0000000781c00000)
  object space 21504K, 15% used [0x000000077ca00000,0x000000077cd3f370,0x000000077df00000)

Card table byte_map: [0x0000000005aa0000,0x0000000005ec0000] byte_map_base: 0x0000000001ebb000

Polling page: 0x0000000000320000

Code Cache  [0x0000000002aa0000, 0x0000000002d10000, 0x0000000005aa0000)
 total_blobs=193 nmethods=2 adapters=153 free_code_cache=48761Kb largest_free_block=49918144

Compilation events (4 events):
Event: 0.361 Thread 0x000000000c3e9800    1             java.lang.String::charAt (29 bytes)
Event: 0.373 Thread 0x000000000c3e9800 nmethod 1 0x0000000002b00310 code [0x0000000002b00460, 0x0000000002b00538]
Event: 0.382 Thread 0x000000000c3f4000    2             java.lang.String::hashCode (55 bytes)
Event: 0.389 Thread 0x000000000c3f4000 nmethod 2 0x0000000002aff950 code [0x0000000002affa80, 0x0000000002affc18]

GC Heap History (0 events):
No events

Deoptimization events (0 events):
No events

Internal exceptions (7 events):
Event: 0.076 Thread 0x00000000025b8000 Threw 0x00000007d5e8f5e0 at C:\re\jdk7u71\1605\hotspot\src\share\vm\prims\jni.cpp:3991
Event: 0.332 Thread 0x00000000025b8000 Threw 0x00000007d5f18e60 at C:\re\jdk7u71\1605\hotspot\src\share\vm\prims\jvm.cpp:1281
Event: 0.372 Thread 0x00000000025b8000 Threw 0x00000007d6082eb0 at C:\re\jdk7u71\1605\hotspot\src\share\vm\prims\jvm.cpp:1281
Event: 0.372 Thread 0x00000000025b8000 Threw 0x00000007d6082fd8 at C:\re\jdk7u71\1605\hotspot\src\share\vm\prims\jvm.cpp:1281
Event: 0.374 Thread 0x00000000025b8000 Threw 0x00000007d6086c50 at C:\re\jdk7u71\1605\hotspot\src\share\vm\prims\jvm.cpp:1281
Event: 0.374 Thread 0x00000000025b8000 Threw 0x00000007d6086d78 at C:\re\jdk7u71\1605\hotspot\src\share\vm\prims\jvm.cpp:1281
Event: 38.133 Thread 0x000000000c480800 Threw 0x00000007d61c58f8 at C:\re\jdk7u71\1605\hotspot\src\share\vm\prims\jvm.cpp:1281

Events (10 events):
Event: 53.499 Executing VM operation: GetOrSetLocal
Event: 53.499 Executing VM operation: GetOrSetLocal done
Event: 53.500 Executing VM operation: GetOrSetLocal
Event: 53.500 Executing VM operation: GetOrSetLocal done
Event: 53.501 Executing VM operation: GetOrSetLocal
Event: 53.501 Executing VM operation: GetOrSetLocal done
Event: 70.310 Executing VM operation: ChangeBreakpoints
Event: 70.310 Executing VM operation: ChangeBreakpoints done
Event: 75.610 Executing VM operation: GetOrSetLocal
Event: 75.610 Executing VM operation: GetOrSetLocal done


Dynamic libraries:
0x000000013f1c0000 - 0x000000013f1f3000 	D:\Program Files\Java\jdk1.7.0_71\bin\javaw.exe
0x0000000077710000 - 0x00000000778bb000 	C:\windows\SYSTEM32\ntdll.dll
0x00000000775f0000 - 0x000000007770f000 	C:\windows\system32\kernel32.dll
0x000007fefd9d0000 - 0x000007fefda3b000 	C:\windows\system32\KERNELBASE.dll
0x000007fefddd0000 - 0x000007fefdeab000 	C:\windows\system32\ADVAPI32.dll
0x000007feff710000 - 0x000007feff7af000 	C:\windows\system32\msvcrt.dll
0x000007feff930000 - 0x000007feff94f000 	C:\windows\SYSTEM32\sechost.dll
0x000007fefe140000 - 0x000007fefe26e000 	C:\windows\system32\RPCRT4.dll
0x00000000774f0000 - 0x00000000775ea000 	C:\windows\system32\USER32.dll
0x000007feff490000 - 0x000007feff4f7000 	C:\windows\system32\GDI32.dll
0x000007feff480000 - 0x000007feff48e000 	C:\windows\system32\LPK.dll
0x000007fefe270000 - 0x000007fefe33a000 	C:\windows\system32\USP10.dll
0x000007fefbcb0000 - 0x000007fefbea4000 	C:\windows\WinSxS\amd64_microsoft.windows.common-controls_6595b64144ccf1df_6.0.7600.16385_none_fa645303170382f6\COMCTL32.dll
0x000007fefe390000 - 0x000007fefe401000 	C:\windows\system32\SHLWAPI.dll
0x000007feff500000 - 0x000007feff52e000 	C:\windows\system32\IMM32.DLL
0x000007fefdeb0000 - 0x000007fefdfb9000 	C:\windows\system32\MSCTF.dll
0x000007fefd630000 - 0x000007fefd661000 	C:\windows\system32\nvinitx.dll
0x000007fefd620000 - 0x000007fefd62c000 	C:\windows\system32\VERSION.dll
0x000000000f000000 - 0x000000000f006000 	C:\Program Files\NVIDIA Corporation\CoProcManager\detoured.dll
0x000007fefa690000 - 0x000007fefa6c1000 	C:\Program Files\NVIDIA Corporation\CoProcManager\nvd3d9wrapx.dll
0x000007feff530000 - 0x000007feff707000 	C:\windows\system32\SETUPAPI.dll
0x000007fefd780000 - 0x000007fefd7b6000 	C:\windows\system32\CFGMGR32.dll
0x000007feff7b0000 - 0x000007feff887000 	C:\windows\system32\OLEAUT32.dll
0x000007fefe460000 - 0x000007fefe661000 	C:\windows\system32\ole32.dll
0x000007fefd720000 - 0x000007fefd73a000 	C:\windows\system32\DEVOBJ.dll
0x000007fefa300000 - 0x000007fefa322000 	C:\Program Files\NVIDIA Corporation\CoProcManager\nvdxgiwrapx.dll
0x0000000073f60000 - 0x0000000074032000 	D:\Program Files\Java\jdk1.7.0_71\jre\bin\msvcr100.dll
0x0000000073780000 - 0x0000000073f53000 	D:\Program Files\Java\jdk1.7.0_71\jre\bin\server\jvm.dll
0x000007fef4430000 - 0x000007fef4439000 	C:\windows\system32\WSOCK32.dll
0x000007fefe410000 - 0x000007fefe45d000 	C:\windows\system32\WS2_32.dll
0x000007feff9f0000 - 0x000007feff9f8000 	C:\windows\system32\NSI.dll
0x000007fefa1b0000 - 0x000007fefa1eb000 	C:\windows\system32\WINMM.dll
0x00000000778d0000 - 0x00000000778d7000 	C:\windows\system32\PSAPI.DLL
0x0000000073770000 - 0x000000007377f000 	D:\Program Files\Java\jdk1.7.0_71\jre\bin\verify.dll
0x0000000073740000 - 0x0000000073768000 	D:\Program Files\Java\jdk1.7.0_71\jre\bin\java.dll
0x0000000073700000 - 0x0000000073735000 	D:\Program Files\Java\jdk1.7.0_71\jre\bin\jdwp.dll
0x00000000736f0000 - 0x00000000736f8000 	D:\Program Files\Java\jdk1.7.0_71\jre\bin\npt.dll
0x0000000073680000 - 0x0000000073695000 	D:\Program Files\Java\jdk1.7.0_71\jre\bin\zip.dll
0x00000000736e0000 - 0x00000000736e9000 	D:\Program Files\Java\jdk1.7.0_71\jre\bin\dt_socket.dll
0x000007fefc520000 - 0x000007fefc535000 	C:\windows\system32\NLAapi.dll
0x000007fefce90000 - 0x000007fefcee4000 	C:\windows\System32\mswsock.dll
0x000007fefcd00000 - 0x000007fefcd5b000 	C:\windows\system32\DNSAPI.dll
0x000007fef8aa0000 - 0x000007fef8aab000 	C:\windows\System32\winrnr.dll
0x000007feed290000 - 0x000007feed2a5000 	C:\windows\system32\napinsp.dll
0x000007feed270000 - 0x000007feed289000 	C:\windows\system32\pnrpnsp.dll
0x000007feef3b0000 - 0x000007feef3c0000 	C:\windows\system32\wshbth.dll
0x000007fefc810000 - 0x000007fefc837000 	C:\windows\system32\IPHLPAPI.DLL
0x000007fefcc10000 - 0x000007fefcc1b000 	C:\windows\system32\WINNSI.DLL
0x000007fefb2e0000 - 0x000007fefb333000 	C:\windows\System32\fwpuclnt.dll
0x000007fef8580000 - 0x000007fef8588000 	C:\windows\system32\rasadhlp.dll
0x0000000180000000 - 0x0000000180024000 	C:\windows\system32\xunyount64.dll
0x000007fefb260000 - 0x000007fefb278000 	C:\windows\system32\dhcpcsvc.DLL
0x000007fefc7f0000 - 0x000007fefc7f7000 	C:\windows\System32\wshtcpip.dll
0x0000000073660000 - 0x0000000073679000 	D:\Program Files\Java\jdk1.7.0_71\jre\bin\net.dll
0x000007fefce80000 - 0x000007fefce87000 	C:\windows\System32\wship6.dll
0x0000000073640000 - 0x0000000073651000 	D:\Program Files\Java\jdk1.7.0_71\jre\bin\nio.dll
0x000007fefd0e0000 - 0x000007fefd0f7000 	C:\windows\system32\CRYPTSP.dll
0x000007fefcb80000 - 0x000007fefcbc7000 	C:\windows\system32\rsaenh.dll
0x000007fefc950000 - 0x000007fefc96e000 	C:\windows\system32\USERENV.dll
0x000007fefd670000 - 0x000007fefd67f000 	C:\windows\system32\profapi.dll
0x000007fefd550000 - 0x000007fefd55f000 	C:\windows\system32\CRYPTBASE.dll
0x000007feee420000 - 0x000007feee545000 	C:\windows\system32\dbghelp.dll

VM Arguments:
jvm_args: -agentlib:jdwp=transport=dt_socket,suspend=y,address=localhost:49492 -Dfile.encoding=UTF-8 
java_command: org.cp.net.nio.Server
Launcher Type: SUN_STANDARD

Environment Variables:
PATH=D:\Program Files\Java\jdk1.7.0_71\jre\bin;C:\Program Files (x86)\Intel\iCLS Client\;C:\Program Files\Intel\iCLS Client\;C:\windows\system32;C:\windows;C:\windows\System32\Wbem;C:\windows\System32\WindowsPowerShell\v1.0\;C:\Program Files\Intel\Intel(R) Management Engine Components\DAL;C:\Program Files\Intel\Intel(R) Management Engine Components\IPT;C:\Program Files (x86)\Intel\Intel(R) Management Engine Components\DAL;C:\Program Files (x86)\Intel\Intel(R) Management Engine Components\IPT;D:\Program Files\Intel\WiFi\bin\;C:\Program Files\Common Files\Intel\WirelessCommon\;C:\Program Files (x86)\NVIDIA Corporation\PhysX\Common;D:\Program Files\Intel\WiFi\bin\;C:\Program Files\Common Files\Intel\WirelessCommon\
USERNAME=Ben-P
OS=Windows_NT
PROCESSOR_IDENTIFIER=Intel64 Family 6 Model 60 Stepping 3, GenuineIntel



---------------  S Y S T E M  ---------------

OS: Windows 7 , 64 bit Build 7600 

CPU:total 8 (4 cores per cpu, 2 threads per core) family 6 model 60 stepping 3, cmov, cx8, fxsr, mmx, sse, sse2, sse3, ssse3, sse4.1, sse4.2, popcnt, aes, erms, ht, tsc, tscinvbit

Memory: 4k page, physical 8269968k(5618884k free), swap 8268072k(4630884k free)

vm_info: Java HotSpot(TM) 64-Bit Server VM (24.71-b01) for windows-amd64 JRE (1.7.0_71-b14), built on Sep 26 2014 16:16:12 by "java_re" with unknown MS VC++:1600

time: Wed Jun 10 00:02:42 2015
elapsed time: 77 seconds

